1681576166511	geckodriver	INFO	Listening on 127.0.0.1:53402
1681576169561	mozrunner::runner	INFO	Running command: "C:\\Program Files\\Mozilla Firefox\\firefox.exe" "--marionette" "--remote-debugging-port" "53403" "--remote-allow-hosts" "localhost" "-no-remote" "-profile" "C:\\Users\\hp\\AppData\\Local\\Temp\\rust_mozprofilejrMwBE"
console.warn: services.settings: Ignoring preference override of remote settings server
console.warn: services.settings: Allow by setting MOZ_REMOTE_SETTINGS_DEVTOOLS=1 in the environment
1681576171732	Marionette	INFO	Marionette enabled
Dynamically enable window occlusion 0
1681576171767	Marionette	INFO	Listening on port 53438
Read port: 53438
WebDriver BiDi listening on ws://127.0.0.1:53403
1681576172206	RemoteAgent	WARN	TLS certificate errors will be ignored for this session
console.warn: SearchSettings: "get: No settings file exists, new profile?" (new NotFoundError("Could not open the file at C:\\Users\\hp\\AppData\\Local\\Temp\\rust_mozprofilejrMwBE\\search.json.mozlz4", (void 0)))
[ERROR glean_core] Error setting metrics feature config: Json(Error("EOF while parsing a value", line: 1, column: 0))
DevTools listening on ws://127.0.0.1:53403/devtools/browser/62864d4e-e07b-4037-bc67-b48851dfe948
console.warn: LoginRecipes: "Falling back to a synchronous message for: https://pib.gov.in."
console.warn: LoginRecipes: "Falling back to a synchronous message for: https://pib.gov.in."
console.warn: LoginRecipes: "Falling back to a synchronous message for: https://pib.gov.in."
console.warn: LoginRecipes: "Falling back to a synchronous message for: https://pib.gov.in."
console.warn: LoginRecipes: "Falling back to a synchronous message for: https://pib.gov.in."
console.warn: LoginRecipes: "Falling back to a synchronous message for: https://pib.gov.in."
console.warn: LoginRecipes: "Falling back to a synchronous message for: https://pib.gov.in."
console.warn: LoginRecipes: "Falling back to a synchronous message for: https://pib.gov.in."
console.warn: LoginRecipes: "Falling back to a synchronous message for: https://pib.gov.in."
console.warn: LoginRecipes: "Falling back to a synchronous message for: https://pib.gov.in."
console.warn: LoginRecipes: "Falling back to a synchronous message for: https://pib.gov.in."
console.warn: LoginRecipes: "Falling back to a synchronous message for: https://pib.gov.in."
console.warn: LoginRecipes: "Falling back to a synchronous message for: https://pib.gov.in."
console.warn: LoginRecipes: "Falling back to a synchronous message for: https://pib.gov.in."
console.warn: LoginRecipes: "Falling back to a synchronous message for: https://pib.gov.in."
console.warn: LoginRecipes: "Falling back to a synchronous message for: https://pib.gov.in."
console.warn: LoginRecipes: "Falling back to a synchronous message for: https://pib.gov.in."
console.warn: LoginRecipes: "Falling back to a synchronous message for: https://pib.gov.in."
console.warn: LoginRecipes: "Falling back to a synchronous message for: https://pib.gov.in."
console.warn: LoginRecipes: "Falling back to a synchronous message for: https://pib.gov.in."
console.warn: LoginRecipes: "Falling back to a synchronous message for: https://pib.gov.in."
console.warn: LoginRecipes: "Falling back to a synchronous message for: https://pib.gov.in."
console.warn: LoginRecipes: "Falling back to a synchronous message for: https://pib.gov.in."
console.warn: LoginRecipes: "Falling back to a synchronous message for: https://pib.gov.in."
console.warn: LoginRecipes: "Falling back to a synchronous message for: https://pib.gov.in."
console.warn: LoginRecipes: "Falling back to a synchronous message for: https://pib.gov.in."
console.warn: LoginRecipes: "Falling back to a synchronous message for: https://pib.gov.in."
console.warn: LoginRecipes: "Falling back to a synchronous message for: https://pib.gov.in."
console.warn: LoginRecipes: "Falling back to a synchronous message for: https://pib.gov.in."
console.warn: LoginRecipes: "Falling back to a synchronous message for: https://pib.gov.in."
console.warn: LoginRecipes: "Falling back to a synchronous message for: https://pib.gov.in."
console.warn: LoginRecipes: "Falling back to a synchronous message for: https://pib.gov.in."
console.warn: LoginRecipes: "Falling back to a synchronous message for: https://pib.gov.in."
console.warn: LoginRecipes: "Falling back to a synchronous message for: https://pib.gov.in."
console.warn: LoginRecipes: "Falling back to a synchronous message for: https://pib.gov.in."
console.warn: LoginRecipes: "Falling back to a synchronous message for: https://pib.gov.in."
console.warn: LoginRecipes: "Falling back to a synchronous message for: https://pib.gov.in."
console.warn: LoginRecipes: "Falling back to a synchronous message for: https://pib.gov.in."
console.warn: LoginRecipes: "Falling back to a synchronous message for: https://pib.gov.in."
console.warn: LoginRecipes: "Falling back to a synchronous message for: https://pib.gov.in."
console.warn: LoginRecipes: "Falling back to a synchronous message for: https://pib.gov.in."
console.warn: LoginRecipes: "Falling back to a synchronous message for: https://pib.gov.in."
console.warn: LoginRecipes: "Falling back to a synchronous message for: https://pib.gov.in."
console.warn: LoginRecipes: "Falling back to a synchronous message for: https://pib.gov.in."
JavaScript error: , line 0: NS_ERROR_NOT_AVAILABLE
console.warn: LoginRecipes: "Falling back to a synchronous message for: https://pib.gov.in."
console.warn: LoginRecipes: "Falling back to a synchronous message for: https://pib.gov.in."
console.warn: LoginRecipes: "Falling back to a synchronous message for: https://pib.gov.in."
console.warn: LoginRecipes: "Falling back to a synchronous message for: https://pib.gov.in."
console.warn: LoginRecipes: "Falling back to a synchronous message for: https://pib.gov.in."
console.warn: LoginRecipes: "Falling back to a synchronous message for: https://pib.gov.in."
